TN:
SF:c:\Users\Maor\node_project\name_extracting\extract.js
FN:13,(anonymous_0)
FN:17,(anonymous_1)
FN:23,pushVariableNames
FN:26,(anonymous_3)
FN:37,pushParameterNames
FN:39,(anonymous_5)
FN:46,pushClassNames
FN:51,pushMethodNames
FN:62,pushFunctionNames
FN:67,pushPropertyNames
FN:87,traverse
FN:88,(anonymous_11)
FN:95,(anonymous_12)
FN:111,normalize
FNF:14
FNH:0
FNDA:0,(anonymous_0)
FNDA:0,(anonymous_1)
FNDA:0,pushVariableNames
FNDA:0,(anonymous_3)
FNDA:0,pushParameterNames
FNDA:0,(anonymous_5)
FNDA:0,pushClassNames
FNDA:0,pushMethodNames
FNDA:0,pushFunctionNames
FNDA:0,pushPropertyNames
FNDA:0,traverse
FNDA:0,(anonymous_11)
FNDA:0,(anonymous_12)
FNDA:0,normalize
DA:3,0
DA:4,0
DA:5,0
DA:6,0
DA:7,0
DA:8,0
DA:10,0
DA:12,0
DA:13,0
DA:14,0
DA:17,0
DA:18,0
DA:19,0
DA:24,0
DA:25,0
DA:26,0
DA:27,0
DA:28,0
DA:30,0
DA:38,0
DA:39,0
DA:40,0
DA:47,0
DA:48,0
DA:53,0
DA:54,0
DA:57,0
DA:59,0
DA:63,0
DA:64,0
DA:69,0
DA:71,0
DA:74,0
DA:75,0
DA:76,0
DA:77,0
DA:79,0
DA:80,0
DA:88,0
DA:90,0
DA:91,0
DA:92,0
DA:93,0
DA:94,0
DA:95,0
DA:97,0
DA:114,0
DA:115,0
DA:116,0
DA:117,0
DA:118,0
DA:120,0
LF:52
LH:0
BRDA:14,0,0,0
BRDA:14,0,1,0
BRDA:24,1,0,0
BRDA:24,1,1,0
BRDA:25,2,0,0
BRDA:25,2,1,0
BRDA:27,3,0,0
BRDA:27,3,1,0
BRDA:38,4,0,0
BRDA:38,4,1,0
BRDA:38,5,0,0
BRDA:38,5,1,0
BRDA:47,6,0,0
BRDA:47,6,1,0
BRDA:53,7,0,0
BRDA:53,7,1,0
BRDA:57,8,0,0
BRDA:57,8,1,0
BRDA:57,9,0,0
BRDA:57,9,1,0
BRDA:57,9,2,0
BRDA:63,10,0,0
BRDA:63,10,1,0
BRDA:69,11,0,0
BRDA:69,11,1,0
BRDA:69,12,0,0
BRDA:69,12,1,0
BRDA:69,12,2,0
BRDA:74,13,0,0
BRDA:74,13,1,0
BRDA:75,14,0,0
BRDA:75,14,1,0
BRDA:76,15,0,0
BRDA:76,15,1,0
BRDA:79,16,0,0
BRDA:79,16,1,0
BRDA:91,17,0,0
BRDA:91,17,1,0
BRDA:93,18,0,0
BRDA:93,18,1,0
BRDA:93,19,0,0
BRDA:93,19,1,0
BRDA:94,20,0,0
BRDA:94,20,1,0
BRF:44
BRH:0
end_of_record
TN:
SF:c:\Users\Maor\node_project\src\cloneing\exp.js
FNF:0
FNH:0
DA:2,0
DA:3,0
DA:4,0
LF:3
LH:0
BRF:0
BRH:0
end_of_record
TN:
SF:c:\Users\Maor\node_project\src\cloneing\git_clone.js
FN:6,(anonymous_0)
FNF:1
FNH:0
FNDA:0,(anonymous_0)
DA:1,0
DA:4,0
DA:6,0
LF:3
LH:0
BRF:0
BRH:0
end_of_record
